<?xml version="1.0" encoding="UTF-8"?>
<!-- Generated by org.testng.reporters.JUnitReportReporter -->
<testsuite hostname="LAPTOP-T1AMVV7G" failures="0" tests="1" name="com.app.BankingProject.TestCases.AppTestCases" time="7.990" errors="0" timestamp="2021-04-02T05:09:30 CEST" skipped="0">
  <testcase classname="com.app.BankingProject.TestCases.AppTestCases" name="verifyMavenTest" time="7.990"/>
  <system-out/>
</testsuite> <!-- com.app.BankingProject.TestCases.AppTestCases -->
