<?xml version="1.0" encoding="UTF-8"?>
<!-- Generated by org.testng.reporters.JUnitReportReporter -->
<testsuite hostname="LAPTOP-T1AMVV7G" failures="0" tests="1" name="com.app.BankingProject.AppTest" time="0.004" errors="0" timestamp="2021-04-01T16:06:23 CEST" skipped="0">
  <testcase classname="com.app.BankingProject.AppTest" name="verifyMavenTest" time="0.004"/>
  <system-out/>
</testsuite> <!-- com.app.BankingProject.AppTest -->
